[2J[3J[H3:32:17 PM - Starting compilation in watch mode...


3:32:18 PM - Found 0 errors. Watching for file changes.
[2J[3J[H3:33:13 PM - Starting compilation in watch mode...


3:33:13 PM - Found 0 errors. Watching for file changes.
[2J[3J[H3:33:54 PM - Starting compilation in watch mode...


3:33:54 PM - Found 0 errors. Watching for file changes.
[2J[3J[H3:34:59 PM - Starting compilation in watch mode...


3:34:59 PM - Found 0 errors. Watching for file changes.
[2J[3J[H3:49:49 PM - Starting compilation in watch mode...


3:49:50 PM - Found 0 errors. Watching for file changes.
[2J[3J[H3:54:02 PM - File change detected. Starting incremental compilation...


3:54:02 PM - Found 0 errors. Watching for file changes.
[2J[3J[H3:56:59 PM - File change detected. Starting incremental compilation...


3:56:59 PM - Found 0 errors. Watching for file changes.
[2J[3J[H3:57:05 PM - File change detected. Starting incremental compilation...


3:57:05 PM - Found 0 errors. Watching for file changes.
[2J[3J[H3:57:08 PM - File change detected. Starting incremental compilation...


3:57:08 PM - Found 0 errors. Watching for file changes.
[2J[3J[H5:19:08 PM - Starting compilation in watch mode...


5:19:09 PM - Found 0 errors. Watching for file changes.
[2J[3J[H5:27:12 PM - Starting compilation in watch mode...


5:27:13 PM - Found 0 errors. Watching for file changes.
[2J[3J[H5:33:44 PM - Starting compilation in watch mode...


5:33:45 PM - Found 0 errors. Watching for file changes.
[2J[3J[H7:38:18 AM - Starting compilation in watch mode...


7:38:19 AM - Found 0 errors. Watching for file changes.
[2J[3J[H7:42:15 AM - File change detected. Starting incremental compilation...


7:42:15 AM - Found 0 errors. Watching for file changes.
[2J[3J[H7:42:20 AM - File change detected. Starting incremental compilation...


7:42:20 AM - Found 0 errors. Watching for file changes.
[2J[3J[H7:42:31 AM - File change detected. Starting incremental compilation...


7:42:31 AM - Found 0 errors. Watching for file changes.
[2J[3J[H7:42:35 AM - File change detected. Starting incremental compilation...


7:42:35 AM - Found 0 errors. Watching for file changes.
